<?xml version="1.0" encoding="UTF-8"?>
<!-- Generated by org.testng.reporters.JUnitXMLReporter -->
<testsuite ignored="0" hostname="136-FREKIH" failures="0" tests="8" name="Simple Test" time="33.834" errors="0" timestamp="2020-11-05T16:20:07 CET">
  <testcase classname="CSVRead" name="Click_buttons1" time="0.737"/>
  <testcase classname="CSVRead" name="csvDataRead2" time="10.952"/>
  <testcase classname="CSVRead" name="Screenshot3" time="3.923"/>
  <testcase classname="CSVRead" name="Syns_texten4" time="2.136"/>
  <testcase classname="CSVRead" name="AfterTest_7" time="0.961"/>
  <testcase classname="Button_test" name="Verify_button_displayed51" time="0.085"/>
  <testcase classname="Button_test" name="Verify_button_state52" time="0.138"/>
  <testcase classname="Button_test" name="Click_buttons53" time="0.097"/>
</testsuite> <!-- Simple Test -->
