<?xml version="1.0" encoding="UTF-8"?>
<!-- Generated by org.testng.reporters.JUnitXMLReporter -->
<testsuite ignored="0" hostname="136-FREKIH" failures="1" tests="7" name="Simple Test" time="15.986" errors="0" timestamp="2020-11-03T15:29:07 CET">
  <testcase classname="CSVRead" name="@AfterTest afterTest" time="0.017">
    <failure type="org.openqa.selenium.NoSuchSessionException" message="invalid session id
Build info: version: &amp;apos;3.141.59&amp;apos;, revision: &amp;apos;e82be7d358&amp;apos;, time: &amp;apos;2018-11-14T08:17:03&amp;apos;
System info: host: &amp;apos;136-FREKIH&amp;apos;, ip: &amp;apos;192.168.1.117&amp;apos;, os.name: &amp;apos;Windows 10&amp;apos;, os.arch: &amp;apos;amd64&amp;apos;, os.version: &amp;apos;10.0&amp;apos;, java.version: &amp;apos;11.0.4&amp;apos;
Driver info: org.openqa.selenium.chrome.ChromeDriver
Capabilities {acceptInsecureCerts: false, browserName: chrome, browserVersion: 86.0.4240.111, chrome: {chromedriverVersion: 86.0.4240.22 (398b0743353ff..., userDataDir: C:\Users\frekih\AppData\Loc...}, goog:chromeOptions: {debuggerAddress: localhost:1246}, javascriptEnabled: true, networkConnectionEnabled: false, pageLoadStrategy: normal, platform: WINDOWS, platformName: WINDOWS, proxy: Proxy(), setWindowRect: true, strictFileInteractability: false, timeouts: {implicit: 0, pageLoad: 300000, script: 30000}, unhandledPromptBehavior: dismiss and notify, webauthn:virtualAuthenticators: true}
Session ID: d8d27be0ef3084da9116edeafbec5e5d">
      <![CDATA[org.openqa.selenium.NoSuchSessionException: invalid session id
Build info: version: '3.141.59', revision: 'e82be7d358', time: '2018-11-14T08:17:03'
System info: host: '136-FREKIH', ip: '192.168.1.117', os.name: 'Windows 10', os.arch: 'amd64', os.version: '10.0', java.version: '11.0.4'
Driver info: org.openqa.selenium.chrome.ChromeDriver
Capabilities {acceptInsecureCerts: false, browserName: chrome, browserVersion: 86.0.4240.111, chrome: {chromedriverVersion: 86.0.4240.22 (398b0743353ff..., userDataDir: C:\Users\frekih\AppData\Loc...}, goog:chromeOptions: {debuggerAddress: localhost:1246}, javascriptEnabled: true, networkConnectionEnabled: false, pageLoadStrategy: normal, platform: WINDOWS, platformName: WINDOWS, proxy: Proxy(), setWindowRect: true, strictFileInteractability: false, timeouts: {implicit: 0, pageLoad: 300000, script: 30000}, unhandledPromptBehavior: dismiss and notify, webauthn:virtualAuthenticators: true}
Session ID: d8d27be0ef3084da9116edeafbec5e5d
at org.openqa.selenium.remote.http.W3CHttpResponseCodec.createException(W3CHttpResponseCodec.java:187)
at org.openqa.selenium.remote.http.W3CHttpResponseCodec.decode(W3CHttpResponseCodec.java:122)
at org.openqa.selenium.remote.http.W3CHttpResponseCodec.decode(W3CHttpResponseCodec.java:49)
at org.openqa.selenium.remote.HttpCommandExecutor.execute(HttpCommandExecutor.java:158)
at org.openqa.selenium.remote.service.DriverCommandExecutor.execute(DriverCommandExecutor.java:83)
at org.openqa.selenium.remote.RemoteWebDriver.execute(RemoteWebDriver.java:552)
at org.openqa.selenium.remote.RemoteWebDriver.execute(RemoteWebDriver.java:609)
at org.openqa.selenium.remote.RemoteWebDriver.close(RemoteWebDriver.java:442)
at CSVRead.afterTest(CSVRead.java:82)
... Removed 32 stack frames]]>
    </failure>
  </testcase> <!-- @AfterTest afterTest -->
  <testcase classname="CSVRead" name="Screenshot" time="0.8"/>
  <testcase classname="CSVRead" name="Syns_texten" time="0.09"/>
  <testcase classname="CSVRead" name="afterTest" time="0.591"/>
  <testcase classname="CSVRead" name="csvDataRead" time="0.092">
    <failure type="org.openqa.selenium.NoSuchSessionException" message="invalid session id
Build info: version: &amp;apos;3.141.59&amp;apos;, revision: &amp;apos;e82be7d358&amp;apos;, time: &amp;apos;2018-11-14T08:17:03&amp;apos;
System info: host: &amp;apos;136-FREKIH&amp;apos;, ip: &amp;apos;192.168.1.117&amp;apos;, os.name: &amp;apos;Windows 10&amp;apos;, os.arch: &amp;apos;amd64&amp;apos;, os.version: &amp;apos;10.0&amp;apos;, java.version: &amp;apos;11.0.4&amp;apos;
Driver info: org.openqa.selenium.chrome.ChromeDriver
Capabilities {acceptInsecureCerts: false, browserName: chrome, browserVersion: 86.0.4240.111, chrome: {chromedriverVersion: 86.0.4240.22 (398b0743353ff..., userDataDir: C:\Users\frekih\AppData\Loc...}, goog:chromeOptions: {debuggerAddress: localhost:1246}, javascriptEnabled: true, networkConnectionEnabled: false, pageLoadStrategy: normal, platform: WINDOWS, platformName: WINDOWS, proxy: Proxy(), setWindowRect: true, strictFileInteractability: false, timeouts: {implicit: 0, pageLoad: 300000, script: 30000}, unhandledPromptBehavior: dismiss and notify, webauthn:virtualAuthenticators: true}
Session ID: d8d27be0ef3084da9116edeafbec5e5d
*** Element info: {Using=xpath, value=//input[@name=&amp;apos;FirstName&amp;apos;]}">
      <![CDATA[org.openqa.selenium.NoSuchSessionException: invalid session id
Build info: version: '3.141.59', revision: 'e82be7d358', time: '2018-11-14T08:17:03'
System info: host: '136-FREKIH', ip: '192.168.1.117', os.name: 'Windows 10', os.arch: 'amd64', os.version: '10.0', java.version: '11.0.4'
Driver info: org.openqa.selenium.chrome.ChromeDriver
Capabilities {acceptInsecureCerts: false, browserName: chrome, browserVersion: 86.0.4240.111, chrome: {chromedriverVersion: 86.0.4240.22 (398b0743353ff..., userDataDir: C:\Users\frekih\AppData\Loc...}, goog:chromeOptions: {debuggerAddress: localhost:1246}, javascriptEnabled: true, networkConnectionEnabled: false, pageLoadStrategy: normal, platform: WINDOWS, platformName: WINDOWS, proxy: Proxy(), setWindowRect: true, strictFileInteractability: false, timeouts: {implicit: 0, pageLoad: 300000, script: 30000}, unhandledPromptBehavior: dismiss and notify, webauthn:virtualAuthenticators: true}
Session ID: d8d27be0ef3084da9116edeafbec5e5d
*** Element info: {Using=xpath, value=//input[@name='FirstName']}
at org.openqa.selenium.remote.http.W3CHttpResponseCodec.createException(W3CHttpResponseCodec.java:187)
at org.openqa.selenium.remote.http.W3CHttpResponseCodec.decode(W3CHttpResponseCodec.java:122)
at org.openqa.selenium.remote.http.W3CHttpResponseCodec.decode(W3CHttpResponseCodec.java:49)
at org.openqa.selenium.remote.HttpCommandExecutor.execute(HttpCommandExecutor.java:158)
at org.openqa.selenium.remote.service.DriverCommandExecutor.execute(DriverCommandExecutor.java:83)
at org.openqa.selenium.remote.RemoteWebDriver.execute(RemoteWebDriver.java:552)
at org.openqa.selenium.remote.RemoteWebDriver.findElement(RemoteWebDriver.java:323)
at org.openqa.selenium.remote.RemoteWebDriver.findElementByXPath(RemoteWebDriver.java:428)
at org.openqa.selenium.By$ByXPath.findElement(By.java:353)
at org.openqa.selenium.remote.RemoteWebDriver.findElement(RemoteWebDriver.java:315)
at CSVRead.csvDataRead(CSVRead.java:58)
at java.base/java.util.ArrayList.forEach(ArrayList.java:1540)
... Removed 35 stack frames]]>
    </failure>
  </testcase> <!-- csvDataRead -->
  <testcase classname="Button_test" name="Click_buttons" time="0.133"/>
  <testcase classname="Button_test" name="Verify_button_displayed" time="0.057"/>
  <testcase classname="Button_test" name="Verify_button_state" time="0.034"/>
</testsuite> <!-- Simple Test -->
